2026-03-14 05:37:40 | INFO | analysis_service | Starting analysis for image: D:\PRSV Project\prsv_project\data\uploads\Healthy_29_.jpg
2026-03-14 05:37:41 | INFO | analysis_service | Analysis completed for image=Healthy_29_.jpg | prediction=Diseased | confidence=0.7519 | severity=Moderate | quality=good | segmentation=good
2026-03-14 05:37:53 | INFO | analysis_service | Starting analysis for image: D:\PRSV Project\prsv_project\data\uploads\Healthy_7_.jpg
2026-03-14 05:37:53 | INFO | analysis_service | Analysis completed for image=Healthy_7_.jpg | prediction=Diseased | confidence=0.7622 | severity=Moderate | quality=good | segmentation=good
2026-03-14 05:37:53 | INFO | analysis_service | Starting analysis for image: D:\PRSV Project\prsv_project\data\uploads\Healthy_8_.jpg
2026-03-14 05:37:53 | INFO | analysis_service | Analysis completed for image=Healthy_8_.jpg | prediction=Diseased | confidence=0.7603 | severity=Moderate | quality=good | segmentation=good
2026-03-14 05:37:53 | INFO | analysis_service | Starting analysis for image: D:\PRSV Project\prsv_project\data\uploads\Healthy_9__1.jpg
2026-03-14 05:37:54 | INFO | analysis_service | Analysis completed for image=Healthy_9__1.jpg | prediction=Diseased | confidence=0.7542 | severity=Moderate | quality=good | segmentation=good
2026-03-14 05:41:15 | INFO | analysis_service | Starting analysis for image: D:\PRSV PROJECT\original images\Healthy(1).jpg
2026-03-14 05:41:15 | INFO | analysis_service | Analysis completed for image=Healthy(1).jpg | prediction=Diseased | confidence=0.7600 | severity=Moderate | quality=good | segmentation=good
2026-03-14 05:41:15 | INFO | analysis_service | Starting analysis for image: D:\PRSV PROJECT\original images\Healthy(10).jpg
2026-03-14 05:41:16 | INFO | analysis_service | Analysis completed for image=Healthy(10).jpg | prediction=Diseased | confidence=0.7584 | severity=Moderate | quality=good | segmentation=good
2026-03-14 05:41:16 | INFO | analysis_service | Starting analysis for image: D:\PRSV PROJECT\original images\Healthy(100).jpg
2026-03-14 05:41:16 | INFO | analysis_service | Analysis completed for image=Healthy(100).jpg | prediction=Diseased | confidence=0.7610 | severity=Moderate | quality=good | segmentation=good
2026-03-14 05:41:16 | INFO | analysis_service | Starting analysis for image: D:\PRSV PROJECT\original images\Healthy(101).jpg
2026-03-14 05:41:16 | INFO | analysis_service | Analysis completed for image=Healthy(101).jpg | prediction=Diseased | confidence=0.7629 | severity=Moderate | quality=good | segmentation=good
2026-03-14 05:41:16 | INFO | analysis_service | Starting analysis for image: D:\PRSV PROJECT\original images\Healthy(102).jpg
2026-03-14 05:41:17 | INFO | analysis_service | Analysis completed for image=Healthy(102).jpg | prediction=Diseased | confidence=0.7448 | severity=Moderate | quality=good | segmentation=good
2026-03-14 05:41:17 | INFO | analysis_service | Starting analysis for image: D:\PRSV PROJECT\original images\Healthy(103).jpg
2026-03-14 05:41:17 | INFO | analysis_service | Analysis completed for image=Healthy(103).jpg | prediction=Diseased | confidence=0.7673 | severity=Moderate | quality=good | segmentation=good
2026-03-14 05:41:17 | INFO | analysis_service | Starting analysis for image: D:\PRSV PROJECT\original images\Healthy(104).jpg
2026-03-14 05:41:18 | INFO | analysis_service | Analysis completed for image=Healthy(104).jpg | prediction=Diseased | confidence=0.7672 | severity=Moderate | quality=good | segmentation=good
2026-03-14 05:41:18 | INFO | analysis_service | Starting analysis for image: D:\PRSV PROJECT\original images\Healthy(105).jpg
2026-03-14 05:41:18 | INFO | analysis_service | Analysis completed for image=Healthy(105).jpg | prediction=Diseased | confidence=0.7669 | severity=Moderate | quality=good | segmentation=good
2026-03-14 05:41:18 | INFO | analysis_service | Starting analysis for image: D:\PRSV PROJECT\original images\Healthy(106).jpg
2026-03-14 05:41:19 | INFO | analysis_service | Analysis completed for image=Healthy(106).jpg | prediction=Diseased | confidence=0.7573 | severity=Moderate | quality=good | segmentation=good
2026-03-14 05:41:19 | INFO | analysis_service | Starting analysis for image: D:\PRSV PROJECT\original images\Healthy(107).jpg
2026-03-14 05:41:19 | INFO | analysis_service | Analysis completed for image=Healthy(107).jpg | prediction=Diseased | confidence=0.7453 | severity=Moderate | quality=good | segmentation=good
2026-03-14 05:41:19 | INFO | analysis_service | Starting analysis for image: D:\PRSV PROJECT\original images\Healthy(108).jpg
2026-03-14 05:41:19 | INFO | analysis_service | Analysis completed for image=Healthy(108).jpg | prediction=Diseased | confidence=0.7473 | severity=Moderate | quality=good | segmentation=good
2026-03-14 05:41:19 | INFO | analysis_service | Starting analysis for image: D:\PRSV PROJECT\original images\Healthy(109).jpg
2026-03-14 05:41:20 | INFO | analysis_service | Analysis completed for image=Healthy(109).jpg | prediction=Diseased | confidence=0.7525 | severity=Moderate | quality=good | segmentation=good
2026-03-14 05:41:20 | INFO | analysis_service | Starting analysis for image: D:\PRSV PROJECT\original images\Healthy(11).jpg
2026-03-14 05:41:20 | INFO | analysis_service | Analysis completed for image=Healthy(11).jpg | prediction=Diseased | confidence=0.7560 | severity=Moderate | quality=good | segmentation=good
2026-03-14 05:41:20 | INFO | analysis_service | Starting analysis for image: D:\PRSV PROJECT\original images\Healthy(110).jpg
2026-03-14 05:41:21 | INFO | analysis_service | Analysis completed for image=Healthy(110).jpg | prediction=Diseased | confidence=0.7507 | severity=Moderate | quality=good | segmentation=good
2026-03-14 05:41:21 | INFO | analysis_service | Starting analysis for image: D:\PRSV PROJECT\original images\Healthy(111).jpg
2026-03-14 05:41:21 | INFO | analysis_service | Analysis completed for image=Healthy(111).jpg | prediction=Diseased | confidence=0.7581 | severity=Moderate | quality=good | segmentation=good
2026-03-14 05:41:21 | INFO | analysis_service | Starting analysis for image: D:\PRSV PROJECT\original images\Healthy(112).jpg
2026-03-14 05:41:22 | INFO | analysis_service | Analysis completed for image=Healthy(112).jpg | prediction=Diseased | confidence=0.7620 | severity=Moderate | quality=good | segmentation=good
2026-03-14 05:41:22 | INFO | analysis_service | Starting analysis for image: D:\PRSV PROJECT\original images\Healthy(113).jpg
2026-03-14 05:41:22 | INFO | analysis_service | Analysis completed for image=Healthy(113).jpg | prediction=Diseased | confidence=0.7600 | severity=Moderate | quality=good | segmentation=good
2026-03-14 05:41:22 | INFO | analysis_service | Starting analysis for image: D:\PRSV PROJECT\original images\Healthy(114).jpg
2026-03-14 05:41:23 | INFO | analysis_service | Analysis completed for image=Healthy(114).jpg | prediction=Diseased | confidence=0.7512 | severity=Moderate | quality=good | segmentation=good
2026-03-14 05:41:23 | INFO | analysis_service | Starting analysis for image: D:\PRSV PROJECT\original images\Healthy(115).jpg
2026-03-14 05:41:23 | INFO | analysis_service | Analysis completed for image=Healthy(115).jpg | prediction=Diseased | confidence=0.7553 | severity=Moderate | quality=good | segmentation=good
2026-03-14 05:41:23 | INFO | analysis_service | Starting analysis for image: D:\PRSV PROJECT\original images\Healthy(116).jpg
2026-03-14 05:41:23 | INFO | analysis_service | Analysis completed for image=Healthy(116).jpg | prediction=Diseased | confidence=0.7695 | severity=Moderate | quality=good | segmentation=good
